<?xml version="1.0" encoding="UTF-8"?>
<!-- Generated by org.testng.reporters.JUnitXMLReporter -->
<testsuite ignored="0" hostname="ZeeshanAhmed" failures="0" tests="4" name="Test" time="20.369" errors="0" timestamp="2022-05-14T00:48:12 PKT">
  <testcase classname="docker.DockerWithChrome2" name="testc2" time="6.012"/>
  <testcase classname="docker.DockerWithFirefox1" name="testf1" time="11.72"/>
  <testcase classname="docker.DockerWithChrome1" name="testc1" time="16.513"/>
  <testcase classname="docker.DockerWithFirefox2" name="testf2" time="20.363"/>
</testsuite> <!-- Test -->
